==185257== Memcheck, a memory error detector
==185257== Copyright (C) 2002-2017, and GNU GPL'd, by Julian Seward et al.
==185257== Using Valgrind-3.15.0 and LibVEX; rerun with -h for copyright info
==185257== Command: ./mini_serv 8080
==185257== Parent PID: 180647
==185257== 
==185257== 
==185257== Process terminating with default action of signal 2 (SIGINT)
==185257==    at 0x4976F78: select (select.c:41)
==185257==    by 0x109ED9: main (mini_serv.c:178)
==185257== 
==185257== HEAP SUMMARY:
==185257==     in use at exit: 80 bytes in 5 blocks
==185257==   total heap usage: 6 allocs, 1 frees, 1,104 bytes allocated
==185257== 
==185257== LEAK SUMMARY:
==185257==    definitely lost: 0 bytes in 0 blocks
==185257==    indirectly lost: 0 bytes in 0 blocks
==185257==      possibly lost: 0 bytes in 0 blocks
==185257==    still reachable: 80 bytes in 5 blocks
==185257==         suppressed: 0 bytes in 0 blocks
==185257== Reachable blocks (those to which a pointer was found) are not shown.
==185257== To see them, rerun with: --leak-check=full --show-leak-kinds=all
==185257== 
==185257== For lists of detected and suppressed errors, rerun with: -s
==185257== ERROR SUMMARY: 0 errors from 0 contexts (suppressed: 0 from 0)
